[2018-06-28T00:55:16.303] [INFO] http - { method: 'GET',
  url: '/',
  body: {},
  cost: 8,
  response:
   { status: 200,
     message: 'OK',
     header:
      { vary: 'Origin, Accept-Encoding',
        etag: '"35d0-y2puyu9vd1DC2o8bvkuN5wNptgg"',
        'content-type': 'text/html; charset=utf-8',
        'content-encoding': 'gzip' },
     body: undefined } }
[2018-06-28T00:55:16.334] [INFO] http - { method: 'GET',
  url: '/manifest.100b6dd40f9000b93673.js',
  body: {},
  cost: 5,
  response:
   { status: 200,
     message: 'OK',
     header:
      { vary: 'Origin, Accept-Encoding',
        'accept-ranges': 'bytes',
        'cache-control': 'public, max-age=31536000',
        'last-modified': 'Wed, 27 Jun 2018 16:50:47 GMT',
        etag: 'W/"d69-164422795fc"',
        'content-type': 'application/javascript; charset=UTF-8',
        'content-encoding': 'gzip' },
     body: undefined } }
[2018-06-28T00:55:16.338] [INFO] http - { method: 'GET',
  url: '/layouts/mobile.9d7bbe697173ef0c48e3.js',
  body: {},
  cost: 7,
  response:
   { status: 200,
     message: 'OK',
     header:
      { vary: 'Origin, Accept-Encoding',
        'accept-ranges': 'bytes',
        'cache-control': 'public, max-age=31536000',
        'last-modified': 'Wed, 27 Jun 2018 16:50:47 GMT',
        etag: 'W/"156a-16442279606"',
        'content-type': 'application/javascript; charset=UTF-8',
        'content-encoding': 'gzip' },
     body: undefined } }
[2018-06-28T00:55:16.343] [INFO] http - { method: 'GET',
  url: '/app.e39828b0416f0063e6a8.js',
  body: {},
  cost: 12,
  response:
   { status: 200,
     message: 'OK',
     header:
      { vary: 'Origin, Accept-Encoding',
        'accept-ranges': 'bytes',
        'cache-control': 'public, max-age=31536000',
        'last-modified': 'Wed, 27 Jun 2018 16:50:47 GMT',
        etag: 'W/"c88f-164422795fc"',
        'content-type': 'application/javascript; charset=UTF-8',
        'content-encoding': 'gzip' },
     body: undefined } }
[2018-06-28T00:55:16.344] [INFO] http - { method: 'GET',
  url: '/img/1.b286241.png',
  body: {},
  cost: 12,
  response:
   { status: 200,
     message: 'OK',
     header:
      { vary: 'Origin',
        'accept-ranges': 'bytes',
        'cache-control': 'public, max-age=31536000',
        'last-modified': 'Wed, 27 Jun 2018 16:50:47 GMT',
        etag: 'W/"338bf-16442279600"',
        'content-type': 'image/png',
        'content-length': 211135 },
     body: undefined } }
[2018-06-28T00:55:16.346] [INFO] http - { method: 'GET',
  url: '/pages/index.6e4c7ab553b00fe0aa4f.js',
  body: {},
  cost: 15,
  response:
   { status: 200,
     message: 'OK',
     header:
      { vary: 'Origin, Accept-Encoding',
        'accept-ranges': 'bytes',
        'cache-control': 'public, max-age=31536000',
        'last-modified': 'Wed, 27 Jun 2018 16:50:47 GMT',
        etag: 'W/"7a3f-16442279605"',
        'content-type': 'application/javascript; charset=UTF-8',
        'content-encoding': 'gzip' },
     body: undefined } }
[2018-06-28T00:55:16.354] [INFO] http - { method: 'GET',
  url: '/vendor.9d440abada3906e16415.js',
  body: {},
  cost: 24,
  response:
   { status: 200,
     message: 'OK',
     header:
      { vary: 'Origin, Accept-Encoding',
        'accept-ranges': 'bytes',
        'cache-control': 'public, max-age=31536000',
        'last-modified': 'Wed, 27 Jun 2018 16:50:47 GMT',
        etag: 'W/"2ceef-164422795fc"',
        'content-type': 'application/javascript; charset=UTF-8',
        'content-encoding': 'gzip' },
     body: undefined } }
[2018-06-28T00:55:16.428] [INFO] http - { method: 'GET',
  url: '/pages/share/plan/sign.3db66959b73db9d13085.js',
  body: {},
  cost: 7,
  response:
   { status: 200,
     message: 'OK',
     header:
      { vary: 'Origin, Accept-Encoding',
        'accept-ranges': 'bytes',
        'cache-control': 'public, max-age=31536000',
        'last-modified': 'Wed, 27 Jun 2018 16:50:47 GMT',
        etag: 'W/"b2ea-1644227960a"',
        'content-type': 'application/javascript; charset=UTF-8',
        'content-encoding': 'gzip' },
     body: undefined } }
[2018-06-28T00:55:16.430] [INFO] http - { method: 'GET',
  url: '/pages/hybird/wallet/index.b1af63226c1ea365afe6.js',
  body: {},
  cost: 8,
  response:
   { status: 200,
     message: 'OK',
     header:
      { vary: 'Origin, Accept-Encoding',
        'accept-ranges': 'bytes',
        'cache-control': 'public, max-age=31536000',
        'last-modified': 'Wed, 27 Jun 2018 16:50:47 GMT',
        etag: 'W/"973d-1644227960b"',
        'content-type': 'application/javascript; charset=UTF-8',
        'content-encoding': 'gzip' },
     body: undefined } }
[2018-06-28T00:55:16.431] [INFO] http - { method: 'GET',
  url: '/pages/hybird/plan/index.10262ae4e3ed9bd67c1b.js',
  body: {},
  cost: 11,
  response:
   { status: 200,
     message: 'OK',
     header:
      { vary: 'Origin, Accept-Encoding',
        'accept-ranges': 'bytes',
        'cache-control': 'public, max-age=31536000',
        'last-modified': 'Wed, 27 Jun 2018 16:50:47 GMT',
        etag: 'W/"11681-1644227960a"',
        'content-type': 'application/javascript; charset=UTF-8',
        'content-encoding': 'gzip' },
     body: undefined } }
[2018-06-28T00:55:16.433] [INFO] http - { method: 'GET',
  url: '/pages/hybird/worldcup/_id.6f959b1179c8ab00051d.js',
  body: {},
  cost: 13,
  response:
   { status: 200,
     message: 'OK',
     header:
      { vary: 'Origin, Accept-Encoding',
        'accept-ranges': 'bytes',
        'cache-control': 'public, max-age=31536000',
        'last-modified': 'Wed, 27 Jun 2018 16:50:47 GMT',
        etag: 'W/"13378-1644227960a"',
        'content-type': 'application/javascript; charset=UTF-8',
        'content-encoding': 'gzip' },
     body: undefined } }
[2018-06-28T00:55:16.434] [INFO] http - { method: 'GET',
  url: '/pages/hybird/ios/_id.5dcbaf3d2e95e3527b55.js',
  body: {},
  cost: 13,
  response:
   { status: 200,
     message: 'OK',
     header:
      { vary: 'Origin, Accept-Encoding',
        'accept-ranges': 'bytes',
        'cache-control': 'public, max-age=31536000',
        'last-modified': 'Wed, 27 Jun 2018 16:50:47 GMT',
        etag: 'W/"dfe3-1644227960b"',
        'content-type': 'application/javascript; charset=UTF-8',
        'content-encoding': 'gzip' },
     body: undefined } }
[2018-06-28T00:55:16.437] [INFO] http - { method: 'GET',
  url: '/pages/hybird/task/index.8ce60a04227e5141e35f.js',
  body: {},
  cost: 15,
  response:
   { status: 200,
     message: 'OK',
     header:
      { vary: 'Origin, Accept-Encoding',
        'accept-ranges': 'bytes',
        'cache-control': 'public, max-age=31536000',
        'last-modified': 'Wed, 27 Jun 2018 16:50:47 GMT',
        etag: 'W/"eeca-1644227960b"',
        'content-type': 'application/javascript; charset=UTF-8',
        'content-encoding': 'gzip' },
     body: undefined } }
[2018-06-28T00:55:16.461] [INFO] http - { method: 'GET',
  url: '/img/banner.ea91a42.png',
  body: {},
  cost: 6,
  response:
   { status: 200,
     message: 'OK',
     header:
      { vary: 'Origin',
        'accept-ranges': 'bytes',
        'cache-control': 'public, max-age=31536000',
        'last-modified': 'Wed, 27 Jun 2018 16:50:47 GMT',
        etag: 'W/"10211-16442279603"',
        'content-type': 'image/png',
        'content-length': 66065 },
     body: undefined } }
[2018-06-28T00:55:16.464] [INFO] http - { method: 'GET',
  url: '/pages/hybird/plan/invite.a1d93088d3247d9563df.js',
  body: {},
  cost: 10,
  response:
   { status: 200,
     message: 'OK',
     header:
      { vary: 'Origin, Accept-Encoding',
        'accept-ranges': 'bytes',
        'cache-control': 'public, max-age=31536000',
        'last-modified': 'Wed, 27 Jun 2018 16:50:47 GMT',
        etag: 'W/"9058-1644227960d"',
        'content-type': 'application/javascript; charset=UTF-8',
        'content-encoding': 'gzip' },
     body: undefined } }
[2018-06-28T00:55:16.467] [INFO] http - { method: 'GET',
  url: '/pages/hybird/wallet/alipay.b9bde25604f11a28613c.js',
  body: {},
  cost: 12,
  response:
   { status: 200,
     message: 'OK',
     header:
      { vary: 'Origin, Accept-Encoding',
        'accept-ranges': 'bytes',
        'cache-control': 'public, max-age=31536000',
        'last-modified': 'Wed, 27 Jun 2018 16:50:47 GMT',
        etag: 'W/"9b84-1644227960d"',
        'content-type': 'application/javascript; charset=UTF-8',
        'content-encoding': 'gzip' },
     body: undefined } }
[2018-06-28T00:55:16.468] [INFO] http - { method: 'GET',
  url: '/pages/share/plan/index.e8f13a109e4a48e6c6fa.js',
  body: {},
  cost: 12,
  response:
   { status: 200,
     message: 'OK',
     header:
      { vary: 'Origin, Accept-Encoding',
        'accept-ranges': 'bytes',
        'cache-control': 'public, max-age=31536000',
        'last-modified': 'Wed, 27 Jun 2018 16:50:47 GMT',
        etag: 'W/"9138-1644227960e"',
        'content-type': 'application/javascript; charset=UTF-8',
        'content-encoding': 'gzip' },
     body: undefined } }
[2018-06-28T00:55:16.469] [INFO] http - { method: 'GET',
  url: '/pages/share/worldcup/_id.1e69cb7df790c6febb7e.js',
  body: {},
  cost: 14,
  response:
   { status: 200,
     message: 'OK',
     header:
      { vary: 'Origin, Accept-Encoding',
        'accept-ranges': 'bytes',
        'cache-control': 'public, max-age=31536000',
        'last-modified': 'Wed, 27 Jun 2018 16:50:47 GMT',
        etag: 'W/"bc64-1644227960d"',
        'content-type': 'application/javascript; charset=UTF-8',
        'content-encoding': 'gzip' },
     body: undefined } }
[2018-06-28T00:55:16.471] [INFO] http - { method: 'GET',
  url: '/pages/hybird/gold/index.3206c5838df806050aed.js',
  body: {},
  cost: 16,
  response:
   { status: 200,
     message: 'OK',
     header:
      { vary: 'Origin, Accept-Encoding',
        'accept-ranges': 'bytes',
        'cache-control': 'public, max-age=31536000',
        'last-modified': 'Wed, 27 Jun 2018 16:50:47 GMT',
        etag: 'W/"a536-1644227960d"',
        'content-type': 'application/javascript; charset=UTF-8',
        'content-encoding': 'gzip' },
     body: undefined } }
[2018-06-28T00:55:16.481] [INFO] http - { method: 'GET',
  url: '/pages/share/feedback.7132d839535326bafafb.js',
  body: {},
  cost: 2,
  response:
   { status: 200,
     message: 'OK',
     header:
      { vary: 'Origin, Accept-Encoding',
        'accept-ranges': 'bytes',
        'cache-control': 'public, max-age=31536000',
        'last-modified': 'Wed, 27 Jun 2018 16:50:47 GMT',
        etag: 'W/"721a-1644227960e"',
        'content-type': 'application/javascript; charset=UTF-8',
        'content-encoding': 'gzip' },
     body: undefined } }
[2018-06-28T00:55:16.489] [INFO] http - { method: 'GET',
  url: '/pages/article/_id.524e83ee3529da56317d.js',
  body: {},
  cost: 6,
  response:
   { status: 200,
     message: 'OK',
     header:
      { vary: 'Origin, Accept-Encoding',
        'accept-ranges': 'bytes',
        'cache-control': 'public, max-age=31536000',
        'last-modified': 'Wed, 27 Jun 2018 16:50:47 GMT',
        etag: 'W/"83b1-1644227960d"',
        'content-type': 'application/javascript; charset=UTF-8',
        'content-encoding': 'gzip' },
     body: undefined } }
[2018-06-28T00:55:16.491] [INFO] http - { method: 'GET',
  url: '/pages/hybird/feedback/index.8c99edf058cea0882a8d.js',
  body: {},
  cost: 8,
  response:
   { status: 200,
     message: 'OK',
     header:
      { vary: 'Origin, Accept-Encoding',
        'accept-ranges': 'bytes',
        'cache-control': 'public, max-age=31536000',
        'last-modified': 'Wed, 27 Jun 2018 16:50:47 GMT',
        etag: 'W/"734b-1644227960d"',
        'content-type': 'application/javascript; charset=UTF-8',
        'content-encoding': 'gzip' },
     body: undefined } }
[2018-06-28T00:55:16.493] [INFO] http - { method: 'GET',
  url: '/pages/hybird/guess/index.79424c6cbef59ec53d7b.js',
  body: {},
  cost: 9,
  response:
   { status: 200,
     message: 'OK',
     header:
      { vary: 'Origin, Accept-Encoding',
        'accept-ranges': 'bytes',
        'cache-control': 'public, max-age=31536000',
        'last-modified': 'Wed, 27 Jun 2018 16:50:47 GMT',
        etag: 'W/"7e62-1644227960e"',
        'content-type': 'application/javascript; charset=UTF-8',
        'content-encoding': 'gzip' },
     body: undefined } }
[2018-06-28T00:55:16.495] [INFO] http - { method: 'GET',
  url: '/pages/hybird/ios/index.ab56265a2de807b6c62a.js',
  body: {},
  cost: 10,
  response:
   { status: 200,
     message: 'OK',
     header:
      { vary: 'Origin, Accept-Encoding',
        'accept-ranges': 'bytes',
        'cache-control': 'public, max-age=31536000',
        'last-modified': 'Wed, 27 Jun 2018 16:50:47 GMT',
        etag: 'W/"78ef-1644227960e"',
        'content-type': 'application/javascript; charset=UTF-8',
        'content-encoding': 'gzip' },
     body: undefined } }
[2018-06-28T00:55:16.498] [INFO] http - { method: 'GET',
  url: '/pages/landpage.cee80c991c0b321545b3.js',
  body: {},
  cost: 10,
  response:
   { status: 200,
     message: 'OK',
     header:
      { vary: 'Origin, Accept-Encoding',
        'accept-ranges': 'bytes',
        'cache-control': 'public, max-age=31536000',
        'last-modified': 'Wed, 27 Jun 2018 16:50:47 GMT',
        etag: 'W/"79ca-164422795ff"',
        'content-type': 'application/javascript; charset=UTF-8',
        'content-encoding': 'gzip' },
     body: undefined } }
[2018-06-28T00:55:16.500] [INFO] http - { method: 'GET',
  url: '/pages/hybird/wallet/income.84541ef098d5c8f02c85.js',
  body: {},
  cost: 12,
  response:
   { status: 200,
     message: 'OK',
     header:
      { vary: 'Origin, Accept-Encoding',
        'accept-ranges': 'bytes',
        'cache-control': 'public, max-age=31536000',
        'last-modified': 'Wed, 27 Jun 2018 16:50:47 GMT',
        etag: 'W/"7800-1644227960e"',
        'content-type': 'application/javascript; charset=UTF-8',
        'content-encoding': 'gzip' },
     body: undefined } }
[2018-06-28T00:55:16.506] [INFO] http - { method: 'GET',
  url: '/pages/hybird/wallet/cash.4896aa4c7bd14ecaa582.js',
  body: {},
  cost: 3,
  response:
   { status: 200,
     message: 'OK',
     header:
      { vary: 'Origin, Accept-Encoding',
        'accept-ranges': 'bytes',
        'cache-control': 'public, max-age=31536000',
        'last-modified': 'Wed, 27 Jun 2018 16:50:47 GMT',
        etag: 'W/"7aca-1644227960e"',
        'content-type': 'application/javascript; charset=UTF-8',
        'content-encoding': 'gzip' },
     body: undefined } }
[2018-06-28T00:55:16.508] [INFO] http - { method: 'GET',
  url: '/pages/hybird/wallet/_details.59b8ee9fc241e559c14b.js',
  body: {},
  cost: 4,
  response:
   { status: 200,
     message: 'OK',
     header:
      { vary: 'Origin, Accept-Encoding',
        'accept-ranges': 'bytes',
        'cache-control': 'public, max-age=31536000',
        'last-modified': 'Wed, 27 Jun 2018 16:50:47 GMT',
        etag: 'W/"344b-1644227960e"',
        'content-type': 'application/javascript; charset=UTF-8',
        'content-encoding': 'gzip' },
     body: undefined } }
[2018-06-28T00:55:16.511] [INFO] http - { method: 'GET',
  url: '/pages/hybird/wallet/wechat.3f2109a1cd69005a359e.js',
  body: {},
  cost: 3,
  response:
   { status: 200,
     message: 'OK',
     header:
      { vary: 'Origin, Accept-Encoding',
        'accept-ranges': 'bytes',
        'cache-control': 'public, max-age=31536000',
        'last-modified': 'Wed, 27 Jun 2018 16:50:47 GMT',
        etag: 'W/"1fa4-1644227960e"',
        'content-type': 'application/javascript; charset=UTF-8',
        'content-encoding': 'gzip' },
     body: undefined } }
[2018-06-28T00:55:16.514] [INFO] http - { method: 'GET',
  url: '/pages/share/register.e7ffda5f108b7e5b0513.js',
  body: {},
  cost: 1,
  response:
   { status: 200,
     message: 'OK',
     header:
      { vary: 'Origin, Accept-Encoding',
        'accept-ranges': 'bytes',
        'cache-control': 'public, max-age=31536000',
        'last-modified': 'Wed, 27 Jun 2018 16:50:47 GMT',
        etag: 'W/"1d8c-164422795ff"',
        'content-type': 'application/javascript; charset=UTF-8',
        'content-encoding': 'gzip' },
     body: undefined } }
[2018-06-28T00:55:16.520] [INFO] http - { method: 'GET',
  url: '/pages/hybird/ios/rule.fa15e786e23af9aeb4b8.js',
  body: {},
  cost: 4,
  response:
   { status: 200,
     message: 'OK',
     header:
      { vary: 'Origin, Accept-Encoding',
        'accept-ranges': 'bytes',
        'cache-control': 'public, max-age=31536000',
        'last-modified': 'Wed, 27 Jun 2018 16:50:47 GMT',
        etag: 'W/"19b1-1644227960e"',
        'content-type': 'application/javascript; charset=UTF-8',
        'content-encoding': 'gzip' },
     body: undefined } }
[2018-06-28T00:55:16.522] [INFO] http - { method: 'GET',
  url: '/pages/hybird/guess/winning.72cc74814d7baff6a92d.js',
  body: {},
  cost: 6,
  response:
   { status: 200,
     message: 'OK',
     header:
      { vary: 'Origin, Accept-Encoding',
        'accept-ranges': 'bytes',
        'cache-control': 'public, max-age=31536000',
        'last-modified': 'Wed, 27 Jun 2018 16:50:47 GMT',
        etag: 'W/"3a09-1644227960e"',
        'content-type': 'application/javascript; charset=UTF-8',
        'content-encoding': 'gzip' },
     body: undefined } }
[2018-06-28T00:55:16.527] [INFO] http - { method: 'GET',
  url: '/pages/hybird/plan/strategy.96dfb47cd54c2d229038.js',
  body: {},
  cost: 6,
  response:
   { status: 200,
     message: 'OK',
     header:
      { vary: 'Origin, Accept-Encoding',
        'accept-ranges': 'bytes',
        'cache-control': 'public, max-age=31536000',
        'last-modified': 'Wed, 27 Jun 2018 16:50:47 GMT',
        etag: 'W/"2e97-1644227960f"',
        'content-type': 'application/javascript; charset=UTF-8',
        'content-encoding': 'gzip' },
     body: undefined } }
[2018-06-28T00:55:16.529] [INFO] http - { method: 'GET',
  url: '/pages/hybird/home.aa5d2740fda59ede984d.js',
  body: {},
  cost: 5,
  response:
   { status: 200,
     message: 'OK',
     header:
      { vary: 'Origin, Accept-Encoding',
        'accept-ranges': 'bytes',
        'cache-control': 'public, max-age=31536000',
        'last-modified': 'Wed, 27 Jun 2018 16:50:47 GMT',
        etag: 'W/"a7d-164422795ff"',
        'content-type': 'application/javascript; charset=UTF-8',
        'content-encoding': 'gzip' },
     body: undefined } }
[2018-06-28T00:55:16.530] [INFO] http - { method: 'GET',
  url: '/pages/share/rule.f87c08aa7dc90f4237f5.js',
  body: {},
  cost: 6,
  response:
   { status: 200,
     message: 'OK',
     header:
      { vary: 'Origin, Accept-Encoding',
        'accept-ranges': 'bytes',
        'cache-control': 'public, max-age=31536000',
        'last-modified': 'Wed, 27 Jun 2018 16:50:47 GMT',
        etag: 'W/"129a-16442279605"',
        'content-type': 'application/javascript; charset=UTF-8',
        'content-encoding': 'gzip' },
     body: undefined } }
[2018-06-28T00:55:16.534] [INFO] http - { method: 'GET',
  url: '/pages/hybird/gold/rule.c2940a8c98402524eded.js',
  body: {},
  cost: 7,
  response:
   { status: 200,
     message: 'OK',
     header:
      { vary: 'Origin, Accept-Encoding',
        'accept-ranges': 'bytes',
        'cache-control': 'public, max-age=31536000',
        'last-modified': 'Wed, 27 Jun 2018 16:50:47 GMT',
        etag: 'W/"13ff-164422795ff"',
        'content-type': 'application/javascript; charset=UTF-8',
        'content-encoding': 'gzip' },
     body: undefined } }
[2018-06-28T00:55:16.536] [INFO] http - { method: 'GET',
  url: '/pages/share/test.7a3f6d8cb4d8508764bc.js',
  body: {},
  cost: 4,
  response:
   { status: 200,
     message: 'OK',
     header:
      { vary: 'Origin, Accept-Encoding',
        'accept-ranges': 'bytes',
        'cache-control': 'public, max-age=31536000',
        'last-modified': 'Wed, 27 Jun 2018 16:50:47 GMT',
        etag: 'W/"a88-16442279605"',
        'content-type': 'application/javascript; charset=UTF-8',
        'content-encoding': 'gzip' },
     body: undefined } }
[2018-06-28T00:55:16.538] [INFO] http - { method: 'GET',
  url: '/pages/hybird/testapp.9f0ca3e5729f09caeebb.js',
  body: {},
  cost: 6,
  response:
   { status: 200,
     message: 'OK',
     header:
      { vary: 'Origin, Accept-Encoding',
        'accept-ranges': 'bytes',
        'cache-control': 'public, max-age=31536000',
        'last-modified': 'Wed, 27 Jun 2018 16:50:47 GMT',
        etag: 'W/"13c3-16442279605"',
        'content-type': 'application/javascript; charset=UTF-8',
        'content-encoding': 'gzip' },
     body: undefined } }
[2018-06-28T00:55:16.546] [INFO] http - { method: 'GET',
  url: '/pages/hybird/statement.583bab517956def7050c.js',
  body: {},
  cost: 5,
  response:
   { status: 200,
     message: 'OK',
     header:
      { vary: 'Origin, Accept-Encoding',
        'accept-ranges': 'bytes',
        'cache-control': 'public, max-age=31536000',
        'last-modified': 'Wed, 27 Jun 2018 16:50:47 GMT',
        etag: 'W/"3e1a-16442279605"',
        'content-type': 'application/javascript; charset=UTF-8',
        'content-encoding': 'gzip' },
     body: undefined } }
[2018-06-28T00:55:16.549] [INFO] http - { method: 'GET',
  url: '/pages/hybird/index.3ba5136fd37060672c06.js',
  body: {},
  cost: 5,
  response:
   { status: 200,
     message: 'OK',
     header:
      { vary: 'Origin, Accept-Encoding',
        'accept-ranges': 'bytes',
        'cache-control': 'public, max-age=31536000',
        'last-modified': 'Wed, 27 Jun 2018 16:50:47 GMT',
        etag: 'W/"af2-16442279605"',
        'content-type': 'application/javascript; charset=UTF-8',
        'content-encoding': 'gzip' },
     body: undefined } }
[2018-06-28T00:55:16.550] [INFO] http - { method: 'GET',
  url: '/layouts/default.7ef8be03488084d416f6.js',
  body: {},
  cost: 8,
  response:
   { status: 200,
     message: 'OK',
     header:
      { vary: 'Origin, Accept-Encoding',
        'accept-ranges': 'bytes',
        'cache-control': 'public, max-age=31536000',
        'last-modified': 'Wed, 27 Jun 2018 16:50:47 GMT',
        etag: 'W/"69d-164422795ff"',
        'content-type': 'application/javascript; charset=UTF-8',
        'content-encoding': 'gzip' },
     body: undefined } }
[2018-06-28T00:55:16.554] [INFO] http - { method: 'GET',
  url: '/pages/terms/statement.a4aed08a791430d50345.js',
  body: {},
  cost: 3,
  response:
   { status: 200,
     message: 'OK',
     header:
      { vary: 'Origin, Accept-Encoding',
        'accept-ranges': 'bytes',
        'cache-control': 'public, max-age=31536000',
        'last-modified': 'Wed, 27 Jun 2018 16:50:47 GMT',
        etag: 'W/"38a4-16442279600"',
        'content-type': 'application/javascript; charset=UTF-8',
        'content-encoding': 'gzip' },
     body: undefined } }
[2018-06-28T00:55:16.556] [INFO] http - { method: 'GET',
  url: '/pages/share/guess/_id.dd815fb2cd2dce579d65.js',
  body: {},
  cost: 3,
  response:
   { status: 200,
     message: 'OK',
     header:
      { vary: 'Origin, Accept-Encoding',
        'accept-ranges': 'bytes',
        'cache-control': 'public, max-age=31536000',
        'last-modified': 'Wed, 27 Jun 2018 16:50:47 GMT',
        etag: 'W/"385-16442279600"',
        'content-type': 'application/javascript; charset=UTF-8',
        'content-encoding': 'gzip' },
     body: undefined } }
[2018-06-28T00:55:16.559] [INFO] http - { method: 'GET',
  url: '/pages/hybird/guess/_id.05b40d8bec12d35fafa7.js',
  body: {},
  cost: 4,
  response:
   { status: 200,
     message: 'OK',
     header:
      { vary: 'Origin, Accept-Encoding',
        'accept-ranges': 'bytes',
        'cache-control': 'public, max-age=31536000',
        'last-modified': 'Wed, 27 Jun 2018 16:50:47 GMT',
        etag: 'W/"384-16442279600"',
        'content-type': 'application/javascript; charset=UTF-8',
        'content-encoding': 'gzip' },
     body: undefined } }
[2018-06-28T00:55:16.561] [INFO] http - { method: 'GET',
  url: '/pages/about.05f1d5c7b01bfbd4b904.js',
  body: {},
  cost: 1,
  response:
   { status: 200,
     message: 'OK',
     header:
      { vary: 'Origin, Accept-Encoding',
        'accept-ranges': 'bytes',
        'cache-control': 'public, max-age=31536000',
        'last-modified': 'Wed, 27 Jun 2018 16:50:47 GMT',
        etag: 'W/"571-16442279606"',
        'content-type': 'application/javascript; charset=UTF-8',
        'content-encoding': 'gzip' },
     body: undefined } }
[2018-06-28T00:57:09.729] [INFO] http - { method: 'GET',
  url: '/',
  body: {},
  cost: 8,
  response:
   { status: 200,
     message: 'OK',
     header:
      { vary: 'Origin, Accept-Encoding',
        etag: '"35d0-y2puyu9vd1DC2o8bvkuN5wNptgg"',
        'content-type': 'text/html; charset=utf-8',
        'content-encoding': 'gzip' },
     body: undefined } }
[2018-06-28T00:57:09.766] [INFO] http - { method: 'GET',
  url: '/manifest.100b6dd40f9000b93673.js',
  body: {},
  cost: 7,
  response:
   { status: 200,
     message: 'OK',
     header:
      { vary: 'Origin, Accept-Encoding',
        'accept-ranges': 'bytes',
        'cache-control': 'public, max-age=31536000',
        'last-modified': 'Wed, 27 Jun 2018 16:50:47 GMT',
        etag: 'W/"d69-164422795fc"',
        'content-type': 'application/javascript; charset=UTF-8',
        'content-encoding': 'gzip' },
     body: undefined } }
[2018-06-28T00:57:09.768] [INFO] http - { method: 'GET',
  url: '/layouts/mobile.9d7bbe697173ef0c48e3.js',
  body: {},
  cost: 8,
  response:
   { status: 200,
     message: 'OK',
     header:
      { vary: 'Origin, Accept-Encoding',
        'accept-ranges': 'bytes',
        'cache-control': 'public, max-age=31536000',
        'last-modified': 'Wed, 27 Jun 2018 16:50:47 GMT',
        etag: 'W/"156a-16442279606"',
        'content-type': 'application/javascript; charset=UTF-8',
        'content-encoding': 'gzip' },
     body: undefined } }
[2018-06-28T00:57:09.770] [INFO] http - { method: 'GET',
  url: '/pages/index.6e4c7ab553b00fe0aa4f.js',
  body: {},
  cost: 9,
  response:
   { status: 200,
     message: 'OK',
     header:
      { vary: 'Origin, Accept-Encoding',
        'accept-ranges': 'bytes',
        'cache-control': 'public, max-age=31536000',
        'last-modified': 'Wed, 27 Jun 2018 16:50:47 GMT',
        etag: 'W/"7a3f-16442279605"',
        'content-type': 'application/javascript; charset=UTF-8',
        'content-encoding': 'gzip' },
     body: undefined } }
[2018-06-28T00:57:09.771] [INFO] http - { method: 'GET',
  url: '/img/1.b286241.png',
  body: {},
  cost: 9,
  response:
   { status: 200,
     message: 'OK',
     header:
      { vary: 'Origin',
        'accept-ranges': 'bytes',
        'cache-control': 'public, max-age=31536000',
        'last-modified': 'Wed, 27 Jun 2018 16:50:47 GMT',
        etag: 'W/"338bf-16442279600"',
        'content-type': 'image/png',
        'content-length': 211135 },
     body: undefined } }
[2018-06-28T00:57:09.773] [INFO] http - { method: 'GET',
  url: '/app.e39828b0416f0063e6a8.js',
  body: {},
  cost: 13,
  response:
   { status: 200,
     message: 'OK',
     header:
      { vary: 'Origin, Accept-Encoding',
        'accept-ranges': 'bytes',
        'cache-control': 'public, max-age=31536000',
        'last-modified': 'Wed, 27 Jun 2018 16:50:47 GMT',
        etag: 'W/"c88f-164422795fc"',
        'content-type': 'application/javascript; charset=UTF-8',
        'content-encoding': 'gzip' },
     body: undefined } }
[2018-06-28T00:57:09.783] [INFO] http - { method: 'GET',
  url: '/vendor.9d440abada3906e16415.js',
  body: {},
  cost: 23,
  response:
   { status: 200,
     message: 'OK',
     header:
      { vary: 'Origin, Accept-Encoding',
        'accept-ranges': 'bytes',
        'cache-control': 'public, max-age=31536000',
        'last-modified': 'Wed, 27 Jun 2018 16:50:47 GMT',
        etag: 'W/"2ceef-164422795fc"',
        'content-type': 'application/javascript; charset=UTF-8',
        'content-encoding': 'gzip' },
     body: undefined } }
[2018-06-28T00:57:09.864] [INFO] http - { method: 'GET',
  url: '/pages/hybird/plan/index.10262ae4e3ed9bd67c1b.js',
  body: {},
  cost: 10,
  response:
   { status: 200,
     message: 'OK',
     header:
      { vary: 'Origin, Accept-Encoding',
        'accept-ranges': 'bytes',
        'cache-control': 'public, max-age=31536000',
        'last-modified': 'Wed, 27 Jun 2018 16:50:47 GMT',
        etag: 'W/"11681-1644227960a"',
        'content-type': 'application/javascript; charset=UTF-8',
        'content-encoding': 'gzip' },
     body: undefined } }
[2018-06-28T00:57:09.876] [INFO] http - { method: 'GET',
  url: '/pages/share/plan/sign.3db66959b73db9d13085.js',
  body: {},
  cost: 18,
  response:
   { status: 200,
     message: 'OK',
     header:
      { vary: 'Origin, Accept-Encoding',
        'accept-ranges': 'bytes',
        'cache-control': 'public, max-age=31536000',
        'last-modified': 'Wed, 27 Jun 2018 16:50:47 GMT',
        etag: 'W/"b2ea-1644227960a"',
        'content-type': 'application/javascript; charset=UTF-8',
        'content-encoding': 'gzip' },
     body: undefined } }
[2018-06-28T00:57:09.880] [INFO] http - { method: 'GET',
  url: '/pages/hybird/wallet/index.b1af63226c1ea365afe6.js',
  body: {},
  cost: 18,
  response:
   { status: 200,
     message: 'OK',
     header:
      { vary: 'Origin, Accept-Encoding',
        'accept-ranges': 'bytes',
        'cache-control': 'public, max-age=31536000',
        'last-modified': 'Wed, 27 Jun 2018 16:50:47 GMT',
        etag: 'W/"973d-1644227960b"',
        'content-type': 'application/javascript; charset=UTF-8',
        'content-encoding': 'gzip' },
     body: undefined } }
[2018-06-28T00:57:09.882] [INFO] http - { method: 'GET',
  url: '/pages/hybird/worldcup/_id.6f959b1179c8ab00051d.js',
  body: {},
  cost: 26,
  response:
   { status: 200,
     message: 'OK',
     header:
      { vary: 'Origin, Accept-Encoding',
        'accept-ranges': 'bytes',
        'cache-control': 'public, max-age=31536000',
        'last-modified': 'Wed, 27 Jun 2018 16:50:47 GMT',
        etag: 'W/"13378-1644227960a"',
        'content-type': 'application/javascript; charset=UTF-8',
        'content-encoding': 'gzip' },
     body: undefined } }
[2018-06-28T00:57:09.885] [INFO] http - { method: 'GET',
  url: '/pages/hybird/ios/_id.5dcbaf3d2e95e3527b55.js',
  body: {},
  cost: 28,
  response:
   { status: 200,
     message: 'OK',
     header:
      { vary: 'Origin, Accept-Encoding',
        'accept-ranges': 'bytes',
        'cache-control': 'public, max-age=31536000',
        'last-modified': 'Wed, 27 Jun 2018 16:50:47 GMT',
        etag: 'W/"dfe3-1644227960b"',
        'content-type': 'application/javascript; charset=UTF-8',
        'content-encoding': 'gzip' },
     body: undefined } }
[2018-06-28T00:57:09.888] [INFO] http - { method: 'GET',
  url: '/pages/hybird/task/index.8ce60a04227e5141e35f.js',
  body: {},
  cost: 27,
  response:
   { status: 200,
     message: 'OK',
     header:
      { vary: 'Origin, Accept-Encoding',
        'accept-ranges': 'bytes',
        'cache-control': 'public, max-age=31536000',
        'last-modified': 'Wed, 27 Jun 2018 16:50:47 GMT',
        etag: 'W/"eeca-1644227960b"',
        'content-type': 'application/javascript; charset=UTF-8',
        'content-encoding': 'gzip' },
     body: undefined } }
[2018-06-28T00:57:09.892] [INFO] http - { method: 'GET',
  url: '/img/banner.ea91a42.png',
  body: {},
  cost: 21,
  response:
   { status: 200,
     message: 'OK',
     header:
      { vary: 'Origin',
        'accept-ranges': 'bytes',
        'cache-control': 'public, max-age=31536000',
        'last-modified': 'Wed, 27 Jun 2018 16:50:47 GMT',
        etag: 'W/"10211-16442279603"',
        'content-type': 'image/png',
        'content-length': 66065 },
     body: undefined } }
[2018-06-28T00:57:09.899] [INFO] http - { method: 'GET',
  url: '/pages/hybird/plan/invite.a1d93088d3247d9563df.js',
  body: {},
  cost: 9,
  response:
   { status: 200,
     message: 'OK',
     header:
      { vary: 'Origin, Accept-Encoding',
        'accept-ranges': 'bytes',
        'cache-control': 'public, max-age=31536000',
        'last-modified': 'Wed, 27 Jun 2018 16:50:47 GMT',
        etag: 'W/"9058-1644227960d"',
        'content-type': 'application/javascript; charset=UTF-8',
        'content-encoding': 'gzip' },
     body: undefined } }
[2018-06-28T00:57:09.903] [INFO] http - { method: 'GET',
  url: '/pages/hybird/gold/index.3206c5838df806050aed.js',
  body: {},
  cost: 10,
  response:
   { status: 200,
     message: 'OK',
     header:
      { vary: 'Origin, Accept-Encoding',
        'accept-ranges': 'bytes',
        'cache-control': 'public, max-age=31536000',
        'last-modified': 'Wed, 27 Jun 2018 16:50:47 GMT',
        etag: 'W/"a536-1644227960d"',
        'content-type': 'application/javascript; charset=UTF-8',
        'content-encoding': 'gzip' },
     body: undefined } }
[2018-06-28T00:57:09.909] [INFO] http - { method: 'GET',
  url: '/pages/hybird/wallet/alipay.b9bde25604f11a28613c.js',
  body: {},
  cost: 12,
  response:
   { status: 200,
     message: 'OK',
     header:
      { vary: 'Origin, Accept-Encoding',
        'accept-ranges': 'bytes',
        'cache-control': 'public, max-age=31536000',
        'last-modified': 'Wed, 27 Jun 2018 16:50:47 GMT',
        etag: 'W/"9b84-1644227960d"',
        'content-type': 'application/javascript; charset=UTF-8',
        'content-encoding': 'gzip' },
     body: undefined } }
[2018-06-28T00:57:09.911] [INFO] http - { method: 'GET',
  url: '/pages/share/worldcup/_id.1e69cb7df790c6febb7e.js',
  body: {},
  cost: 13,
  response:
   { status: 200,
     message: 'OK',
     header:
      { vary: 'Origin, Accept-Encoding',
        'accept-ranges': 'bytes',
        'cache-control': 'public, max-age=31536000',
        'last-modified': 'Wed, 27 Jun 2018 16:50:47 GMT',
        etag: 'W/"bc64-1644227960d"',
        'content-type': 'application/javascript; charset=UTF-8',
        'content-encoding': 'gzip' },
     body: undefined } }
[2018-06-28T00:57:09.915] [INFO] http - { method: 'GET',
  url: '/pages/share/plan/index.e8f13a109e4a48e6c6fa.js',
  body: {},
  cost: 10,
  response:
   { status: 200,
     message: 'OK',
     header:
      { vary: 'Origin, Accept-Encoding',
        'accept-ranges': 'bytes',
        'cache-control': 'public, max-age=31536000',
        'last-modified': 'Wed, 27 Jun 2018 16:50:47 GMT',
        etag: 'W/"9138-1644227960e"',
        'content-type': 'application/javascript; charset=UTF-8',
        'content-encoding': 'gzip' },
     body: undefined } }
[2018-06-28T00:57:09.917] [INFO] http - { method: 'GET',
  url: '/pages/share/feedback.7132d839535326bafafb.js',
  body: {},
  cost: 7,
  response:
   { status: 200,
     message: 'OK',
     header:
      { vary: 'Origin, Accept-Encoding',
        'accept-ranges': 'bytes',
        'cache-control': 'public, max-age=31536000',
        'last-modified': 'Wed, 27 Jun 2018 16:50:47 GMT',
        etag: 'W/"721a-1644227960e"',
        'content-type': 'application/javascript; charset=UTF-8',
        'content-encoding': 'gzip' },
     body: undefined } }
[2018-06-28T00:57:09.922] [INFO] http - { method: 'GET',
  url: '/pages/article/_id.524e83ee3529da56317d.js',
  body: {},
  cost: 5,
  response:
   { status: 200,
     message: 'OK',
     header:
      { vary: 'Origin, Accept-Encoding',
        'accept-ranges': 'bytes',
        'cache-control': 'public, max-age=31536000',
        'last-modified': 'Wed, 27 Jun 2018 16:50:47 GMT',
        etag: 'W/"83b1-1644227960d"',
        'content-type': 'application/javascript; charset=UTF-8',
        'content-encoding': 'gzip' },
     body: undefined } }
[2018-06-28T00:57:09.923] [INFO] http - { method: 'GET',
  url: '/pages/hybird/feedback/index.8c99edf058cea0882a8d.js',
  body: {},
  cost: 6,
  response:
   { status: 200,
     message: 'OK',
     header:
      { vary: 'Origin, Accept-Encoding',
        'accept-ranges': 'bytes',
        'cache-control': 'public, max-age=31536000',
        'last-modified': 'Wed, 27 Jun 2018 16:50:47 GMT',
        etag: 'W/"734b-1644227960d"',
        'content-type': 'application/javascript; charset=UTF-8',
        'content-encoding': 'gzip' },
     body: undefined } }
[2018-06-28T00:57:09.930] [INFO] http - { method: 'GET',
  url: '/pages/hybird/guess/index.79424c6cbef59ec53d7b.js',
  body: {},
  cost: 3,
  response:
   { status: 200,
     message: 'OK',
     header:
      { vary: 'Origin, Accept-Encoding',
        'accept-ranges': 'bytes',
        'cache-control': 'public, max-age=31536000',
        'last-modified': 'Wed, 27 Jun 2018 16:50:47 GMT',
        etag: 'W/"7e62-1644227960e"',
        'content-type': 'application/javascript; charset=UTF-8',
        'content-encoding': 'gzip' },
     body: undefined } }
[2018-06-28T00:57:09.933] [INFO] http - { method: 'GET',
  url: '/pages/hybird/ios/index.ab56265a2de807b6c62a.js',
  body: {},
  cost: 2,
  response:
   { status: 200,
     message: 'OK',
     header:
      { vary: 'Origin, Accept-Encoding',
        'accept-ranges': 'bytes',
        'cache-control': 'public, max-age=31536000',
        'last-modified': 'Wed, 27 Jun 2018 16:50:47 GMT',
        etag: 'W/"78ef-1644227960e"',
        'content-type': 'application/javascript; charset=UTF-8',
        'content-encoding': 'gzip' },
     body: undefined } }
[2018-06-28T00:57:09.939] [INFO] http - { method: 'GET',
  url: '/pages/landpage.cee80c991c0b321545b3.js',
  body: {},
  cost: 4,
  response:
   { status: 200,
     message: 'OK',
     header:
      { vary: 'Origin, Accept-Encoding',
        'accept-ranges': 'bytes',
        'cache-control': 'public, max-age=31536000',
        'last-modified': 'Wed, 27 Jun 2018 16:50:47 GMT',
        etag: 'W/"79ca-164422795ff"',
        'content-type': 'application/javascript; charset=UTF-8',
        'content-encoding': 'gzip' },
     body: undefined } }
[2018-06-28T00:57:09.940] [INFO] http - { method: 'GET',
  url: '/pages/hybird/wallet/income.84541ef098d5c8f02c85.js',
  body: {},
  cost: 4,
  response:
   { status: 200,
     message: 'OK',
     header:
      { vary: 'Origin, Accept-Encoding',
        'accept-ranges': 'bytes',
        'cache-control': 'public, max-age=31536000',
        'last-modified': 'Wed, 27 Jun 2018 16:50:47 GMT',
        etag: 'W/"7800-1644227960e"',
        'content-type': 'application/javascript; charset=UTF-8',
        'content-encoding': 'gzip' },
     body: undefined } }
[2018-06-28T00:57:09.945] [INFO] http - { method: 'GET',
  url: '/pages/hybird/wallet/cash.4896aa4c7bd14ecaa582.js',
  body: {},
  cost: 3,
  response:
   { status: 200,
     message: 'OK',
     header:
      { vary: 'Origin, Accept-Encoding',
        'accept-ranges': 'bytes',
        'cache-control': 'public, max-age=31536000',
        'last-modified': 'Wed, 27 Jun 2018 16:50:47 GMT',
        etag: 'W/"7aca-1644227960e"',
        'content-type': 'application/javascript; charset=UTF-8',
        'content-encoding': 'gzip' },
     body: undefined } }
[2018-06-28T00:57:09.948] [INFO] http - { method: 'GET',
  url: '/pages/hybird/wallet/_details.59b8ee9fc241e559c14b.js',
  body: {},
  cost: 4,
  response:
   { status: 200,
     message: 'OK',
     header:
      { vary: 'Origin, Accept-Encoding',
        'accept-ranges': 'bytes',
        'cache-control': 'public, max-age=31536000',
        'last-modified': 'Wed, 27 Jun 2018 16:50:47 GMT',
        etag: 'W/"344b-1644227960e"',
        'content-type': 'application/javascript; charset=UTF-8',
        'content-encoding': 'gzip' },
     body: undefined } }
[2018-06-28T00:57:09.950] [INFO] http - { method: 'GET',
  url: '/pages/hybird/wallet/wechat.3f2109a1cd69005a359e.js',
  body: {},
  cost: 1,
  response:
   { status: 200,
     message: 'OK',
     header:
      { vary: 'Origin, Accept-Encoding',
        'accept-ranges': 'bytes',
        'cache-control': 'public, max-age=31536000',
        'last-modified': 'Wed, 27 Jun 2018 16:50:47 GMT',
        etag: 'W/"1fa4-1644227960e"',
        'content-type': 'application/javascript; charset=UTF-8',
        'content-encoding': 'gzip' },
     body: undefined } }
[2018-06-28T00:57:09.952] [INFO] http - { method: 'GET',
  url: '/pages/share/register.e7ffda5f108b7e5b0513.js',
  body: {},
  cost: 1,
  response:
   { status: 200,
     message: 'OK',
     header:
      { vary: 'Origin, Accept-Encoding',
        'accept-ranges': 'bytes',
        'cache-control': 'public, max-age=31536000',
        'last-modified': 'Wed, 27 Jun 2018 16:50:47 GMT',
        etag: 'W/"1d8c-164422795ff"',
        'content-type': 'application/javascript; charset=UTF-8',
        'content-encoding': 'gzip' },
     body: undefined } }
[2018-06-28T00:57:09.958] [INFO] http - { method: 'GET',
  url: '/pages/hybird/ios/rule.fa15e786e23af9aeb4b8.js',
  body: {},
  cost: 2,
  response:
   { status: 200,
     message: 'OK',
     header:
      { vary: 'Origin, Accept-Encoding',
        'accept-ranges': 'bytes',
        'cache-control': 'public, max-age=31536000',
        'last-modified': 'Wed, 27 Jun 2018 16:50:47 GMT',
        etag: 'W/"19b1-1644227960e"',
        'content-type': 'application/javascript; charset=UTF-8',
        'content-encoding': 'gzip' },
     body: undefined } }
[2018-06-28T00:57:09.961] [INFO] http - { method: 'GET',
  url: '/pages/hybird/guess/winning.72cc74814d7baff6a92d.js',
  body: {},
  cost: 2,
  response:
   { status: 200,
     message: 'OK',
     header:
      { vary: 'Origin, Accept-Encoding',
        'accept-ranges': 'bytes',
        'cache-control': 'public, max-age=31536000',
        'last-modified': 'Wed, 27 Jun 2018 16:50:47 GMT',
        etag: 'W/"3a09-1644227960e"',
        'content-type': 'application/javascript; charset=UTF-8',
        'content-encoding': 'gzip' },
     body: undefined } }
[2018-06-28T00:57:09.967] [INFO] http - { method: 'GET',
  url: '/pages/hybird/plan/strategy.96dfb47cd54c2d229038.js',
  body: {},
  cost: 3,
  response:
   { status: 200,
     message: 'OK',
     header:
      { vary: 'Origin, Accept-Encoding',
        'accept-ranges': 'bytes',
        'cache-control': 'public, max-age=31536000',
        'last-modified': 'Wed, 27 Jun 2018 16:50:47 GMT',
        etag: 'W/"2e97-1644227960f"',
        'content-type': 'application/javascript; charset=UTF-8',
        'content-encoding': 'gzip' },
     body: undefined } }
[2018-06-28T00:57:09.968] [INFO] http - { method: 'GET',
  url: '/pages/hybird/home.aa5d2740fda59ede984d.js',
  body: {},
  cost: 4,
  response:
   { status: 200,
     message: 'OK',
     header:
      { vary: 'Origin, Accept-Encoding',
        'accept-ranges': 'bytes',
        'cache-control': 'public, max-age=31536000',
        'last-modified': 'Wed, 27 Jun 2018 16:50:47 GMT',
        etag: 'W/"a7d-164422795ff"',
        'content-type': 'application/javascript; charset=UTF-8',
        'content-encoding': 'gzip' },
     body: undefined } }
[2018-06-28T00:57:09.977] [INFO] http - { method: 'GET',
  url: '/pages/share/rule.f87c08aa7dc90f4237f5.js',
  body: {},
  cost: 7,
  response:
   { status: 200,
     message: 'OK',
     header:
      { vary: 'Origin, Accept-Encoding',
        'accept-ranges': 'bytes',
        'cache-control': 'public, max-age=31536000',
        'last-modified': 'Wed, 27 Jun 2018 16:50:47 GMT',
        etag: 'W/"129a-16442279605"',
        'content-type': 'application/javascript; charset=UTF-8',
        'content-encoding': 'gzip' },
     body: undefined } }
[2018-06-28T00:57:09.981] [INFO] http - { method: 'GET',
  url: '/pages/hybird/gold/rule.c2940a8c98402524eded.js',
  body: {},
  cost: 11,
  response:
   { status: 200,
     message: 'OK',
     header:
      { vary: 'Origin, Accept-Encoding',
        'accept-ranges': 'bytes',
        'cache-control': 'public, max-age=31536000',
        'last-modified': 'Wed, 27 Jun 2018 16:50:47 GMT',
        etag: 'W/"13ff-164422795ff"',
        'content-type': 'application/javascript; charset=UTF-8',
        'content-encoding': 'gzip' },
     body: undefined } }
[2018-06-28T00:57:09.985] [INFO] http - { method: 'GET',
  url: '/pages/share/test.7a3f6d8cb4d8508764bc.js',
  body: {},
  cost: 10,
  response:
   { status: 200,
     message: 'OK',
     header:
      { vary: 'Origin, Accept-Encoding',
        'accept-ranges': 'bytes',
        'cache-control': 'public, max-age=31536000',
        'last-modified': 'Wed, 27 Jun 2018 16:50:47 GMT',
        etag: 'W/"a88-16442279605"',
        'content-type': 'application/javascript; charset=UTF-8',
        'content-encoding': 'gzip' },
     body: undefined } }
[2018-06-28T00:57:09.987] [INFO] http - { method: 'GET',
  url: '/pages/hybird/testapp.9f0ca3e5729f09caeebb.js',
  body: {},
  cost: 11,
  response:
   { status: 200,
     message: 'OK',
     header:
      { vary: 'Origin, Accept-Encoding',
        'accept-ranges': 'bytes',
        'cache-control': 'public, max-age=31536000',
        'last-modified': 'Wed, 27 Jun 2018 16:50:47 GMT',
        etag: 'W/"13c3-16442279605"',
        'content-type': 'application/javascript; charset=UTF-8',
        'content-encoding': 'gzip' },
     body: undefined } }
[2018-06-28T00:57:09.991] [INFO] http - { method: 'GET',
  url: '/pages/hybird/index.3ba5136fd37060672c06.js',
  body: {},
  cost: 12,
  response:
   { status: 200,
     message: 'OK',
     header:
      { vary: 'Origin, Accept-Encoding',
        'accept-ranges': 'bytes',
        'cache-control': 'public, max-age=31536000',
        'last-modified': 'Wed, 27 Jun 2018 16:50:47 GMT',
        etag: 'W/"af2-16442279605"',
        'content-type': 'application/javascript; charset=UTF-8',
        'content-encoding': 'gzip' },
     body: undefined } }
[2018-06-28T00:57:09.993] [INFO] http - { method: 'GET',
  url: '/pages/hybird/statement.583bab517956def7050c.js',
  body: {},
  cost: 15,
  response:
   { status: 200,
     message: 'OK',
     header:
      { vary: 'Origin, Accept-Encoding',
        'accept-ranges': 'bytes',
        'cache-control': 'public, max-age=31536000',
        'last-modified': 'Wed, 27 Jun 2018 16:50:47 GMT',
        etag: 'W/"3e1a-16442279605"',
        'content-type': 'application/javascript; charset=UTF-8',
        'content-encoding': 'gzip' },
     body: undefined } }
[2018-06-28T00:57:09.995] [INFO] http - { method: 'GET',
  url: '/layouts/default.7ef8be03488084d416f6.js',
  body: {},
  cost: 11,
  response:
   { status: 200,
     message: 'OK',
     header:
      { vary: 'Origin, Accept-Encoding',
        'accept-ranges': 'bytes',
        'cache-control': 'public, max-age=31536000',
        'last-modified': 'Wed, 27 Jun 2018 16:50:47 GMT',
        etag: 'W/"69d-164422795ff"',
        'content-type': 'application/javascript; charset=UTF-8',
        'content-encoding': 'gzip' },
     body: undefined } }
[2018-06-28T00:57:09.998] [INFO] http - { method: 'GET',
  url: '/pages/terms/statement.a4aed08a791430d50345.js',
  body: {},
  cost: 9,
  response:
   { status: 200,
     message: 'OK',
     header:
      { vary: 'Origin, Accept-Encoding',
        'accept-ranges': 'bytes',
        'cache-control': 'public, max-age=31536000',
        'last-modified': 'Wed, 27 Jun 2018 16:50:47 GMT',
        etag: 'W/"38a4-16442279600"',
        'content-type': 'application/javascript; charset=UTF-8',
        'content-encoding': 'gzip' },
     body: undefined } }
[2018-06-28T00:57:10.000] [INFO] http - { method: 'GET',
  url: '/pages/share/guess/_id.dd815fb2cd2dce579d65.js',
  body: {},
  cost: 4,
  response:
   { status: 200,
     message: 'OK',
     header:
      { vary: 'Origin, Accept-Encoding',
        'accept-ranges': 'bytes',
        'cache-control': 'public, max-age=31536000',
        'last-modified': 'Wed, 27 Jun 2018 16:50:47 GMT',
        etag: 'W/"385-16442279600"',
        'content-type': 'application/javascript; charset=UTF-8',
        'content-encoding': 'gzip' },
     body: undefined } }
[2018-06-28T00:57:10.002] [INFO] http - { method: 'GET',
  url: '/pages/hybird/guess/_id.05b40d8bec12d35fafa7.js',
  body: {},
  cost: 5,
  response:
   { status: 200,
     message: 'OK',
     header:
      { vary: 'Origin, Accept-Encoding',
        'accept-ranges': 'bytes',
        'cache-control': 'public, max-age=31536000',
        'last-modified': 'Wed, 27 Jun 2018 16:50:47 GMT',
        etag: 'W/"384-16442279600"',
        'content-type': 'application/javascript; charset=UTF-8',
        'content-encoding': 'gzip' },
     body: undefined } }
[2018-06-28T00:57:10.003] [INFO] http - { method: 'GET',
  url: '/pages/about.05f1d5c7b01bfbd4b904.js',
  body: {},
  cost: 2,
  response:
   { status: 200,
     message: 'OK',
     header:
      { vary: 'Origin, Accept-Encoding',
        'accept-ranges': 'bytes',
        'cache-control': 'public, max-age=31536000',
        'last-modified': 'Wed, 27 Jun 2018 16:50:47 GMT',
        etag: 'W/"571-16442279606"',
        'content-type': 'application/javascript; charset=UTF-8',
        'content-encoding': 'gzip' },
     body: undefined } }
